<?xml version="1.0" encoding="UTF-8" ?>
<testsuite tests="9" failures="0" name="io.gamigo.game.GameTest" time="0.046" errors="0" skipped="0">
  <properties>
[...]
</properties>
  <testcase classname="io.gamigo.game.GameTest" name="compareSelection_WhenChoice1NotPaper_ShouldReturnFalse" time="0.023"/>
  <testcase classname="io.gamigo.game.GameTest" name="getPlayerChoice_WhenInvalidPlayerInput_ShouldReturnZero" time="0"/>
  <testcase classname="io.gamigo.game.GameTest" name="compareSelection_WhenChoice2IsRock_Player1ShouldWin" time="0"/>
  <testcase classname="io.gamigo.game.GameTest" name="getPlayerChoice_WhenPlayer2Input_ShouldReturnRandomChoice" time="0.001"/>
  <testcase classname="io.gamigo.game.GameTest" name="getPlayerChoice_WhenInputIsNegative_ShouldReturnZero" time="0"/>
  <testcase classname="io.gamigo.game.GameTest" name="compareSelection_WhenChoice2IsScissor_Player2ShouldWin" time="0"/>
  <testcase classname="io.gamigo.game.GameTest" name="getPlayerChoice_WhenPlayer1Input_ShouldReturnPaper" time="0"/>
  <testcase classname="io.gamigo.game.GameTest" name="startGame_NormalInput_Success" time="0.022"/>
  <testcase classname="io.gamigo.game.GameTest" name="compareSelection_WhenChoice2IsPaper_ShouldTie" time="0"/>
</testsuite>